<?xml version="1.0" encoding="UTF-8"?>
<testng-results skipped="0" failed="0" ignored="0" total="1" passed="1">
  <reporter-output>
  </reporter-output>
  <suite name="Default suite" duration-ms="46033" started-at="2019-10-27T16:33:27Z" finished-at="2019-10-27T16:34:13Z">
    <groups>
    </groups>
    <test name="Default test" duration-ms="46033" started-at="2019-10-27T16:33:27Z" finished-at="2019-10-27T16:34:13Z">
      <class name="FlipKartTest">
        <test-method status="PASS" signature="start()[pri:0, instance:FlipKartTest@7b69c6ba]" name="start" is-config="true" duration-ms="29165" started-at="2019-10-27T16:33:27Z" finished-at="2019-10-27T16:33:56Z">
          <reporter-output>
          </reporter-output>
        </test-method> <!-- start -->
        <test-method status="PASS" signature="booking()[pri:0, instance:FlipKartTest@7b69c6ba]" name="booking" duration-ms="16803" started-at="2019-10-27T16:33:56Z" finished-at="2019-10-27T16:34:13Z">
          <reporter-output>
          </reporter-output>
        </test-method> <!-- booking -->
        <test-method status="PASS" signature="endTest()[pri:0, instance:FlipKartTest@7b69c6ba]" name="endTest" is-config="true" duration-ms="0" started-at="2019-10-27T16:34:13Z" finished-at="2019-10-27T16:34:13Z">
          <reporter-output>
          </reporter-output>
        </test-method> <!-- endTest -->
      </class> <!-- FlipKartTest -->
    </test> <!-- Default test -->
  </suite> <!-- Default suite -->
</testng-results>
